Arguments: 
  /home/backus/.anyenv/envs/nodenv/versions/14.19.0/bin/node /home/linuxbrew/.linuxbrew/Cellar/yarn/1.22.17_2/libexec/bin/yarn.js

PATH: 
  /home/backus/.anyenv/envs/nodenv/versions/14.19.0/bin:/home/backus/.anyenv/envs/nodenv/libexec:/home/backus/.anyenv/envs/nodenv/plugins/nodenv-vars/bin:/home/backus/.anyenv/envs/nodenv/plugins/node-build/bin:/home/linuxbrew/.linuxbrew/bin:/home/linuxbrew/.linuxbrew/bin:/home/linuxbrew/.linuxbrew/bin:/home/backus/.vscode-server/bin/8908a9ca0f221f36507231afb39d2d8d1e182702/bin/remote-cli:/home/backus/.anyenv/envs/nodenv/shims:/home/backus/.anyenv/envs/nodenv/bin:/home/linuxbrew/.linuxbrew/bin:/home/backus/.nodebrew/current/bin:/usr/local/sbin:/usr/local/bin:/usr/sbin:/usr/bin:/sbin:/bin:/usr/games:/usr/local/games:/usr/lib/wsl/lib:/mnt/c/WINDOWS/system32:/mnt/c/WINDOWS:/mnt/c/WINDOWS/System32/Wbem:/mnt/c/WINDOWS/System32/WindowsPowerShell/v1.0/:/mnt/c/WINDOWS/System32/OpenSSH/:/mnt/c/Program Files/TortoiseSVN/bin:/mnt/c/Program Files/WinMerge:/mnt/c/Program Files/Docker/Docker/resources/bin:/mnt/c/ProgramData/DockerDesktop/version-bin:/mnt/c/Program Files/nodejs/:/mnt/c/Program Files (x86)/Yarn/bin/:/mnt/c/Ruby30-x64/bin:/mnt/c/Users/81802/AppData/Local/Microsoft/WindowsApps:/mnt/c/Users/81802/AppData/Local/Programs/Microsoft VS Code/bin:/mnt/c/Users/81802/AppData/Local/GitHubDesktop/bin:/mnt/c/Users/81802/AppData/Roaming/npm:/mnt/c/Users/81802/AppData/Local/Yarn/bin:/snap/bin

Yarn version: 
  1.22.17

Node version: 
  14.19.0

Platform: 
  linux x64

Trace: 
  Error: https://registry.yarnpkg.com/gatsby: ETIMEDOUT
      at Timeout._onTimeout (/home/linuxbrew/.linuxbrew/Cellar/yarn/1.22.17_2/libexec/lib/cli.js:141543:19)
      at listOnTimeout (internal/timers.js:557:17)
      at processTimers (internal/timers.js:500:7)

npm manifest: 
  {
    "name": "storybook-gatsby",
    "version": "1.0.0",
    "private": true,
    "description": "storybook-gatsby",
    "author": "arch-mania",
    "keywords": [
      "gatsby"
    ],
    "scripts": {
      "develop": "gatsby develop",
      "start": "gatsby develop",
      "build": "gatsby build",
      "serve": "gatsby serve",
      "clean": "gatsby clean",
      "typecheck": "tsc --noEmit"
    },
    "dependencies": {
      "gatsby": "^4.9.2",
      "react": "^17.0.1",
      "react-dom": "^17.0.1"
    },
    "devDependencies": {
      "@types/node": "^17.0.21",
      "@types/react": "^17.0.39",
      "@types/react-dom": "^17.0.13",
      "typescript": "^4.6.2"
    }
  }

yarn manifest: 
  No manifest

Lockfile: 
  No lockfile
